{"/home/damien/Dev/mongo/src/index.ts": {"path":"/home/damien/Dev/mongo/src/index.ts","statementMap":{"0":{"start":{"line":1,"column":0},"end":{"line":1,"column":25}},"1":{"start":{"line":18,"column":1},"end":{"line":21,"column":null}},"2":{"start":{"line":19,"column":4},"end":{"line":19,"column":null}},"3":{"start":{"line":20,"column":4},"end":{"line":20,"column":null}},"4":{"start":{"line":22,"column":1},"end":{"line":22,"column":null}},"5":{"start":{"line":17,"column":0},"end":{"line":17,"column":16}}},"fnMap":{"0":{"name":"mongORMetaDataStorage","decl":{"start":{"line":17,"column":16},"end":{"line":17,"column":37}},"loc":{"start":{"line":17,"column":37},"end":{"line":23,"column":1}}}},"branchMap":{"0":{"loc":{"start":{"line":18,"column":1},"end":{"line":21,"column":null}},"type":"if","locations":[{"start":{"line":18,"column":1},"end":{"line":21,"column":null}},{"start":{"line":18,"column":1},"end":{"line":21,"column":null}}]}},"s":{"0":1,"1":4,"2":1,"3":1,"4":4,"5":1},"f":{"0":4},"b":{"0":[1,3]}}
,"/home/damien/Dev/mongo/src/messages.const.ts": {"path":"/home/damien/Dev/mongo/src/messages.const.ts","statementMap":{"0":{"start":{"line":1,"column":13},"end":{"line":4,"column":null}}},"fnMap":{},"branchMap":{},"s":{"0":1},"f":{},"b":{}}
,"/home/damien/Dev/mongo/src/connection/index.ts": {"path":"/home/damien/Dev/mongo/src/connection/index.ts","statementMap":{"0":{"start":{"line":1,"column":0},"end":{"line":1,"column":53}},"1":{"start":{"line":2,"column":0},"end":{"line":2,"column":42}},"2":{"start":{"line":3,"column":0},"end":{"line":3,"column":42}},"3":{"start":{"line":24,"column":2},"end":{"line":24,"column":null}},"4":{"start":{"line":25,"column":2},"end":{"line":25,"column":null}},"5":{"start":{"line":26,"column":2},"end":{"line":26,"column":null}},"6":{"start":{"line":27,"column":2},"end":{"line":27,"column":null}},"7":{"start":{"line":28,"column":2},"end":{"line":28,"column":null}},"8":{"start":{"line":32,"column":14},"end":{"line":32,"column":50}},"9":{"start":{"line":33,"column":2},"end":{"line":36,"column":null}},"10":{"start":{"line":37,"column":2},"end":{"line":37,"column":null}},"11":{"start":{"line":38,"column":2},"end":{"line":38,"column":null}},"12":{"start":{"line":41,"column":26},"end":{"line":42,"column":null}},"13":{"start":{"line":45,"column":2},"end":{"line":48,"column":null}},"14":{"start":{"line":46,"column":29},"end":{"line":46,"column":75}},"15":{"start":{"line":47,"column":3},"end":{"line":47,"column":null}},"16":{"start":{"line":51,"column":24},"end":{"line":52,"column":null}},"17":{"start":{"line":55,"column":2},"end":{"line":70,"column":null}},"18":{"start":{"line":56,"column":3},"end":{"line":69,"column":null}},"19":{"start":{"line":57,"column":27},"end":{"line":57,"column":30}},"20":{"start":{"line":59,"column":4},"end":{"line":59,"column":null}},"21":{"start":{"line":61,"column":26},"end":{"line":61,"column":44}},"22":{"start":{"line":62,"column":4},"end":{"line":68,"column":null}},"23":{"start":{"line":64,"column":5},"end":{"line":67,"column":null}},"24":{"start":{"line":72,"column":2},"end":{"line":72,"column":null}},"25":{"start":{"line":76,"column":2},"end":{"line":78,"column":null}},"26":{"start":{"line":77,"column":3},"end":{"line":77,"column":null}},"27":{"start":{"line":79,"column":2},"end":{"line":79,"column":null}},"28":{"start":{"line":80,"column":2},"end":{"line":80,"column":null}},"29":{"start":{"line":81,"column":2},"end":{"line":81,"column":null}},"30":{"start":{"line":82,"column":2},"end":{"line":82,"column":null}},"31":{"start":{"line":13,"column":0},"end":{"line":13,"column":13}},"32":{"start":{"line":87,"column":19},"end":{"line":87,"column":21}},"33":{"start":{"line":89,"column":1},"end":{"line":91,"column":null}},"34":{"start":{"line":90,"column":2},"end":{"line":90,"column":null}},"35":{"start":{"line":93,"column":1},"end":{"line":94,"column":null}},"36":{"start":{"line":86,"column":0},"end":{"line":86,"column":16}},"37":{"start":{"line":98,"column":1},"end":{"line":98,"column":null}},"38":{"start":{"line":97,"column":0},"end":{"line":97,"column":16}},"39":{"start":{"line":108,"column":36},"end":{"line":108,"column":38}},"40":{"start":{"line":109,"column":1},"end":{"line":113,"column":null}},"41":{"start":{"line":110,"column":2},"end":{"line":112,"column":null}},"42":{"start":{"line":111,"column":3},"end":{"line":111,"column":null}},"43":{"start":{"line":114,"column":1},"end":{"line":114,"column":null}},"44":{"start":{"line":101,"column":0},"end":{"line":101,"column":16}},"45":{"start":{"line":125,"column":26},"end":{"line":125,"column":67}},"46":{"start":{"line":127,"column":21},"end":{"line":127,"column":23}},"47":{"start":{"line":128,"column":1},"end":{"line":142,"column":null}},"48":{"start":{"line":129,"column":2},"end":{"line":129,"column":null}},"49":{"start":{"line":130,"column":39},"end":{"line":139,"column":5}},"50":{"start":{"line":132,"column":4},"end":{"line":132,"column":null}},"51":{"start":{"line":135,"column":4},"end":{"line":138,"column":null}},"52":{"start":{"line":141,"column":2},"end":{"line":141,"column":null}},"53":{"start":{"line":144,"column":1},"end":{"line":144,"column":null}},"54":{"start":{"line":117,"column":0},"end":{"line":117,"column":16}}},"fnMap":{"0":{"name":"(anonymous_0)","decl":{"start":{"line":23,"column":1},"end":{"line":23,"column":13}},"loc":{"start":{"line":23,"column":39},"end":{"line":29,"column":2}}},"1":{"name":"(anonymous_1)","decl":{"start":{"line":31,"column":8},"end":{"line":31,"column":13}},"loc":{"start":{"line":31,"column":21},"end":{"line":73,"column":2}}},"2":{"name":"(anonymous_2)","decl":{"start":{"line":75,"column":8},"end":{"line":75,"column":13}},"loc":{"start":{"line":75,"column":24},"end":{"line":83,"column":2}}},"3":{"name":"createConnectionString","decl":{"start":{"line":86,"column":16},"end":{"line":86,"column":38}},"loc":{"start":{"line":86,"column":65},"end":{"line":95,"column":1}}},"4":{"name":"generateCollectionName","decl":{"start":{"line":97,"column":16},"end":{"line":97,"column":38}},"loc":{"start":{"line":97,"column":53},"end":{"line":99,"column":1}}},"5":{"name":"createListOfCollectionNames","decl":{"start":{"line":101,"column":16},"end":{"line":101,"column":43}},"loc":{"start":{"line":106,"column":3},"end":{"line":115,"column":1}}},"6":{"name":"(anonymous_6)","decl":{"start":{"line":109,"column":21},"end":{"line":109,"column":22}},"loc":{"start":{"line":109,"column":31},"end":{"line":113,"column":2}}},"7":{"name":"createIndexesObject","decl":{"start":{"line":117,"column":16},"end":{"line":117,"column":35}},"loc":{"start":{"line":123,"column":3},"end":{"line":145,"column":1}}},"8":{"name":"(anonymous_8)","decl":{"start":{"line":131,"column":11},"end":{"line":131,"column":12}},"loc":{"start":{"line":131,"column":21},"end":{"line":133,"column":4}}},"9":{"name":"(anonymous_9)","decl":{"start":{"line":134,"column":8},"end":{"line":134,"column":9}},"loc":{"start":{"line":134,"column":20},"end":{"line":139,"column":4}}}},"branchMap":{"0":{"loc":{"start":{"line":56,"column":3},"end":{"line":69,"column":null}},"type":"if","locations":[{"start":{"line":56,"column":3},"end":{"line":69,"column":null}},{"start":{"line":56,"column":3},"end":{"line":69,"column":null}}]},"1":{"loc":{"start":{"line":76,"column":2},"end":{"line":78,"column":null}},"type":"if","locations":[{"start":{"line":76,"column":2},"end":{"line":78,"column":null}},{"start":{"line":76,"column":2},"end":{"line":78,"column":null}}]},"2":{"loc":{"start":{"line":89,"column":1},"end":{"line":91,"column":null}},"type":"if","locations":[{"start":{"line":89,"column":1},"end":{"line":91,"column":null}},{"start":{"line":89,"column":1},"end":{"line":91,"column":null}}]},"3":{"loc":{"start":{"line":89,"column":5},"end":{"line":89,"column":21}},"type":"binary-expr","locations":[{"start":{"line":89,"column":5},"end":{"line":89,"column":21}},{"start":{"line":89,"column":25},"end":{"line":89,"column":41}}]},"4":{"loc":{"start":{"line":93,"column":35},"end":{"line":93,"column":47}},"type":"binary-expr","locations":[{"start":{"line":93,"column":35},"end":{"line":93,"column":47}},{"start":{"line":94,"column":2},"end":{"line":94,"column":13}}]},"5":{"loc":{"start":{"line":94,"column":17},"end":{"line":94,"column":29}},"type":"binary-expr","locations":[{"start":{"line":94,"column":17},"end":{"line":94,"column":29}},{"start":{"line":94,"column":33},"end":{"line":94,"column":38}}]},"6":{"loc":{"start":{"line":110,"column":2},"end":{"line":112,"column":null}},"type":"if","locations":[{"start":{"line":110,"column":2},"end":{"line":112,"column":null}},{"start":{"line":110,"column":2},"end":{"line":112,"column":null}}]}},"s":{"0":1,"1":1,"2":1,"3":3,"4":3,"5":3,"6":3,"7":3,"8":2,"9":2,"10":2,"11":2,"12":2,"13":2,"14":0,"15":0,"16":2,"17":2,"18":0,"19":0,"20":0,"21":0,"22":0,"23":0,"24":2,"25":2,"26":1,"27":1,"28":1,"29":1,"30":1,"31":1,"32":4,"33":4,"34":1,"35":4,"36":1,"37":1,"38":1,"39":4,"40":4,"41":0,"42":0,"43":4,"44":1,"45":2,"46":2,"47":2,"48":0,"49":0,"50":0,"51":0,"52":0,"53":2,"54":1},"f":{"0":3,"1":2,"2":2,"3":4,"4":1,"5":4,"6":0,"7":2,"8":0,"9":0},"b":{"0":[0,0],"1":[1,1],"2":[1,3],"3":[4,1],"4":[4,3],"5":[4,3],"6":[0,0]}}
}
