{"/home/damien/Dev/mongo/src/index.ts": {"path":"/home/damien/Dev/mongo/src/index.ts","statementMap":{"0":{"start":{"line":1,"column":0},"end":{"line":1,"column":25}},"1":{"start":{"line":20,"column":1},"end":{"line":23,"column":null}},"2":{"start":{"line":21,"column":4},"end":{"line":21,"column":null}},"3":{"start":{"line":22,"column":4},"end":{"line":22,"column":null}},"4":{"start":{"line":24,"column":1},"end":{"line":24,"column":null}},"5":{"start":{"line":19,"column":0},"end":{"line":19,"column":16}}},"fnMap":{"0":{"name":"mongORMetaDataStorage","decl":{"start":{"line":19,"column":16},"end":{"line":19,"column":37}},"loc":{"start":{"line":19,"column":37},"end":{"line":25,"column":1}}}},"branchMap":{"0":{"loc":{"start":{"line":20,"column":1},"end":{"line":23,"column":null}},"type":"if","locations":[{"start":{"line":20,"column":1},"end":{"line":23,"column":null}},{"start":{"line":20,"column":1},"end":{"line":23,"column":null}}]}},"s":{"0":1,"1":8,"2":1,"3":1,"4":8,"5":1},"f":{"0":8},"b":{"0":[1,7]}}
,"/home/damien/Dev/mongo/src/messages.const.ts": {"path":"/home/damien/Dev/mongo/src/messages.const.ts","statementMap":{"0":{"start":{"line":1,"column":13},"end":{"line":5,"column":null}}},"fnMap":{},"branchMap":{},"s":{"0":1},"f":{},"b":{}}
,"/home/damien/Dev/mongo/src/connection/index.ts": {"path":"/home/damien/Dev/mongo/src/connection/index.ts","statementMap":{"0":{"start":{"line":1,"column":0},"end":{"line":1,"column":53}},"1":{"start":{"line":2,"column":0},"end":{"line":2,"column":42}},"2":{"start":{"line":3,"column":0},"end":{"line":3,"column":42}},"3":{"start":{"line":4,"column":0},"end":{"line":4,"column":29}},"4":{"start":{"line":25,"column":2},"end":{"line":25,"column":null}},"5":{"start":{"line":26,"column":2},"end":{"line":26,"column":null}},"6":{"start":{"line":27,"column":2},"end":{"line":27,"column":null}},"7":{"start":{"line":28,"column":2},"end":{"line":28,"column":null}},"8":{"start":{"line":32,"column":14},"end":{"line":32,"column":50}},"9":{"start":{"line":33,"column":2},"end":{"line":36,"column":null}},"10":{"start":{"line":37,"column":2},"end":{"line":37,"column":null}},"11":{"start":{"line":40,"column":24},"end":{"line":40,"column":78}},"12":{"start":{"line":43,"column":2},"end":{"line":46,"column":null}},"13":{"start":{"line":44,"column":29},"end":{"line":44,"column":75}},"14":{"start":{"line":45,"column":3},"end":{"line":45,"column":null}},"15":{"start":{"line":48,"column":2},"end":{"line":48,"column":null}},"16":{"start":{"line":50,"column":2},"end":{"line":60,"column":null}},"17":{"start":{"line":51,"column":3},"end":{"line":51,"column":null}},"18":{"start":{"line":52,"column":32},"end":{"line":53,"column":null}},"19":{"start":{"line":55,"column":3},"end":{"line":59,"column":null}},"20":{"start":{"line":56,"column":4},"end":{"line":58,"column":null}},"21":{"start":{"line":62,"column":2},"end":{"line":62,"column":null}},"22":{"start":{"line":66,"column":2},"end":{"line":68,"column":null}},"23":{"start":{"line":67,"column":3},"end":{"line":67,"column":null}},"24":{"start":{"line":69,"column":2},"end":{"line":69,"column":null}},"25":{"start":{"line":70,"column":2},"end":{"line":70,"column":null}},"26":{"start":{"line":71,"column":2},"end":{"line":71,"column":null}},"27":{"start":{"line":72,"column":2},"end":{"line":72,"column":null}},"28":{"start":{"line":76,"column":2},"end":{"line":78,"column":null}},"29":{"start":{"line":77,"column":3},"end":{"line":77,"column":null}},"30":{"start":{"line":79,"column":26},"end":{"line":79,"column":55}},"31":{"start":{"line":81,"column":2},"end":{"line":83,"column":null}},"32":{"start":{"line":82,"column":3},"end":{"line":82,"column":null}},"33":{"start":{"line":91,"column":20},"end":{"line":91,"column":77}},"34":{"start":{"line":93,"column":20},"end":{"line":97,"column":4}},"35":{"start":{"line":96,"column":3},"end":{"line":96,"column":null}},"36":{"start":{"line":99,"column":2},"end":{"line":99,"column":null}},"37":{"start":{"line":14,"column":0},"end":{"line":14,"column":13}},"38":{"start":{"line":108,"column":19},"end":{"line":108,"column":21}},"39":{"start":{"line":110,"column":1},"end":{"line":112,"column":null}},"40":{"start":{"line":111,"column":2},"end":{"line":111,"column":null}},"41":{"start":{"line":114,"column":1},"end":{"line":115,"column":null}},"42":{"start":{"line":107,"column":0},"end":{"line":107,"column":16}},"43":{"start":{"line":119,"column":1},"end":{"line":119,"column":null}},"44":{"start":{"line":118,"column":0},"end":{"line":118,"column":16}},"45":{"start":{"line":123,"column":1},"end":{"line":127,"column":null}},"46":{"start":{"line":122,"column":0},"end":{"line":122,"column":16}}},"fnMap":{"0":{"name":"(anonymous_0)","decl":{"start":{"line":24,"column":1},"end":{"line":24,"column":13}},"loc":{"start":{"line":24,"column":39},"end":{"line":29,"column":2}}},"1":{"name":"(anonymous_1)","decl":{"start":{"line":31,"column":8},"end":{"line":31,"column":13}},"loc":{"start":{"line":31,"column":21},"end":{"line":63,"column":2}}},"2":{"name":"(anonymous_2)","decl":{"start":{"line":65,"column":8},"end":{"line":65,"column":13}},"loc":{"start":{"line":65,"column":24},"end":{"line":73,"column":2}}},"3":{"name":"(anonymous_3)","decl":{"start":{"line":75,"column":8},"end":{"line":75,"column":13}},"loc":{"start":{"line":75,"column":19},"end":{"line":84,"column":2}}},"4":{"name":"(anonymous_4)","decl":{"start":{"line":86,"column":8},"end":{"line":86,"column":25}},"loc":{"start":{"line":88,"column":24},"end":{"line":100,"column":2}}},"5":{"name":"(anonymous_5)","decl":{"start":{"line":95,"column":8},"end":{"line":95,"column":9}},"loc":{"start":{"line":95,"column":22},"end":{"line":97,"column":3}}},"6":{"name":"createConnectionString","decl":{"start":{"line":107,"column":16},"end":{"line":107,"column":38}},"loc":{"start":{"line":107,"column":65},"end":{"line":116,"column":1}}},"7":{"name":"generateCollectionName","decl":{"start":{"line":118,"column":16},"end":{"line":118,"column":38}},"loc":{"start":{"line":118,"column":53},"end":{"line":120,"column":1}}},"8":{"name":"generateCollectionNameForStatic","decl":{"start":{"line":122,"column":16},"end":{"line":122,"column":47}},"loc":{"start":{"line":122,"column":62},"end":{"line":128,"column":1}}}},"branchMap":{"0":{"loc":{"start":{"line":66,"column":2},"end":{"line":68,"column":null}},"type":"if","locations":[{"start":{"line":66,"column":2},"end":{"line":68,"column":null}},{"start":{"line":66,"column":2},"end":{"line":68,"column":null}}]},"1":{"loc":{"start":{"line":76,"column":2},"end":{"line":78,"column":null}},"type":"if","locations":[{"start":{"line":76,"column":2},"end":{"line":78,"column":null}},{"start":{"line":76,"column":2},"end":{"line":78,"column":null}}]},"2":{"loc":{"start":{"line":110,"column":1},"end":{"line":112,"column":null}},"type":"if","locations":[{"start":{"line":110,"column":1},"end":{"line":112,"column":null}},{"start":{"line":110,"column":1},"end":{"line":112,"column":null}}]},"3":{"loc":{"start":{"line":110,"column":5},"end":{"line":110,"column":21}},"type":"binary-expr","locations":[{"start":{"line":110,"column":5},"end":{"line":110,"column":21}},{"start":{"line":110,"column":25},"end":{"line":110,"column":41}}]},"4":{"loc":{"start":{"line":114,"column":35},"end":{"line":114,"column":47}},"type":"binary-expr","locations":[{"start":{"line":114,"column":35},"end":{"line":114,"column":47}},{"start":{"line":115,"column":2},"end":{"line":115,"column":13}}]},"5":{"loc":{"start":{"line":115,"column":17},"end":{"line":115,"column":29}},"type":"binary-expr","locations":[{"start":{"line":115,"column":17},"end":{"line":115,"column":29}},{"start":{"line":115,"column":33},"end":{"line":115,"column":38}}]},"6":{"loc":{"start":{"line":125,"column":9},"end":{"line":125,"column":12}},"type":"binary-expr","locations":[{"start":{"line":125,"column":9},"end":{"line":125,"column":12}},{"start":{"line":125,"column":16},"end":{"line":125,"column":20}}]},"7":{"loc":{"start":{"line":126,"column":9},"end":{"line":126,"column":12}},"type":"binary-expr","locations":[{"start":{"line":126,"column":9},"end":{"line":126,"column":12}},{"start":{"line":126,"column":16},"end":{"line":126,"column":20}}]}},"s":{"0":1,"1":1,"2":1,"3":1,"4":4,"5":4,"6":4,"7":4,"8":3,"9":3,"10":3,"11":3,"12":3,"13":3,"14":3,"15":3,"16":3,"17":0,"18":0,"19":0,"20":0,"21":3,"22":2,"23":1,"24":1,"25":1,"26":1,"27":1,"28":0,"29":0,"30":0,"31":0,"32":0,"33":0,"34":0,"35":0,"36":0,"37":1,"38":5,"39":5,"40":1,"41":5,"42":1,"43":3,"44":1,"45":1,"46":1},"f":{"0":4,"1":3,"2":2,"3":0,"4":0,"5":0,"6":5,"7":3,"8":1},"b":{"0":[1,1],"1":[0,0],"2":[1,4],"3":[5,1],"4":[5,4],"5":[5,4],"6":[1,0],"7":[1,0]}}
,"/home/damien/Dev/mongo/src/decorators/field.decorator.ts": {"path":"/home/damien/Dev/mongo/src/decorators/field.decorator.ts","statementMap":{"0":{"start":{"line":1,"column":0},"end":{"line":1,"column":42}},"1":{"start":{"line":2,"column":0},"end":{"line":2,"column":54}},"2":{"start":{"line":5,"column":1},"end":{"line":12,"column":null}},"3":{"start":{"line":6,"column":16},"end":{"line":6,"column":57}},"4":{"start":{"line":7,"column":25},"end":{"line":7,"column":55}},"5":{"start":{"line":8,"column":2},"end":{"line":10,"column":null}},"6":{"start":{"line":9,"column":3},"end":{"line":9,"column":null}},"7":{"start":{"line":11,"column":2},"end":{"line":11,"column":null}},"8":{"start":{"line":4,"column":0},"end":{"line":4,"column":16}}},"fnMap":{"0":{"name":"MongORMField","decl":{"start":{"line":4,"column":16},"end":{"line":4,"column":28}},"loc":{"start":{"line":4,"column":28},"end":{"line":13,"column":1}}},"1":{"name":"(anonymous_1)","decl":{"start":{"line":5,"column":8},"end":{"line":5,"column":9}},"loc":{"start":{"line":5,"column":40},"end":{"line":12,"column":2}}}},"branchMap":{"0":{"loc":{"start":{"line":8,"column":2},"end":{"line":10,"column":null}},"type":"if","locations":[{"start":{"line":8,"column":2},"end":{"line":10,"column":null}},{"start":{"line":8,"column":2},"end":{"line":10,"column":null}}]}},"s":{"0":1,"1":1,"2":2,"3":2,"4":2,"5":2,"6":2,"7":2,"8":1},"f":{"0":2,"1":2},"b":{"0":[2,0]}}
}
