TN:
SF:/home/damien/Dev/mongo/src/index.ts
FN:17,mongORMetaDataStorage
FNF:1
FNH:1
FNDA:4,mongORMetaDataStorage
DA:1,1
DA:17,1
DA:18,4
DA:19,1
DA:20,1
DA:22,4
LF:6
LH:6
BRDA:18,0,0,1
BRDA:18,0,1,3
BRF:2
BRH:2
end_of_record
TN:
SF:/home/damien/Dev/mongo/src/messages.const.ts
FNF:0
FNH:0
DA:1,1
LF:1
LH:1
BRF:0
BRH:0
end_of_record
TN:
SF:/home/damien/Dev/mongo/src/connection/index.ts
FN:23,(anonymous_0)
FN:31,(anonymous_1)
FN:75,(anonymous_2)
FN:86,createConnectionString
FN:97,generateCollectionName
FN:101,createListOfCollectionNames
FN:109,(anonymous_6)
FN:117,createIndexesObject
FN:131,(anonymous_8)
FN:134,(anonymous_9)
FNF:10
FNH:7
FNDA:3,(anonymous_0)
FNDA:2,(anonymous_1)
FNDA:2,(anonymous_2)
FNDA:4,createConnectionString
FNDA:1,generateCollectionName
FNDA:4,createListOfCollectionNames
FNDA:0,(anonymous_6)
FNDA:2,createIndexesObject
FNDA:0,(anonymous_8)
FNDA:0,(anonymous_9)
DA:1,1
DA:2,1
DA:3,1
DA:13,1
DA:24,3
DA:25,3
DA:26,3
DA:27,3
DA:28,3
DA:32,2
DA:33,2
DA:37,2
DA:38,2
DA:41,2
DA:45,2
DA:46,0
DA:47,0
DA:51,2
DA:55,2
DA:56,0
DA:57,0
DA:59,0
DA:61,0
DA:62,0
DA:64,0
DA:72,2
DA:76,2
DA:77,1
DA:79,1
DA:80,1
DA:81,1
DA:82,1
DA:86,1
DA:87,4
DA:89,4
DA:90,1
DA:93,4
DA:97,1
DA:98,1
DA:101,1
DA:108,4
DA:109,4
DA:110,0
DA:111,0
DA:114,4
DA:117,1
DA:125,2
DA:127,2
DA:128,2
DA:129,0
DA:130,0
DA:132,0
DA:135,0
DA:141,0
DA:144,2
LF:55
LH:40
BRDA:56,0,0,0
BRDA:56,0,1,0
BRDA:76,1,0,1
BRDA:76,1,1,1
BRDA:89,2,0,1
BRDA:89,2,1,3
BRDA:89,3,0,4
BRDA:89,3,1,1
BRDA:93,4,0,4
BRDA:93,4,1,3
BRDA:94,5,0,4
BRDA:94,5,1,3
BRDA:110,6,0,0
BRDA:110,6,1,0
BRF:14
BRH:10
end_of_record
