TN:
SF:/home/damien/Dev/mongo/src/index.ts
FN:19,mongORMetaDataStorage
FNF:1
FNH:0
FNDA:0,mongORMetaDataStorage
DA:1,1
DA:19,1
DA:20,0
DA:21,0
DA:22,0
DA:24,0
LF:6
LH:2
BRDA:20,0,0,0
BRDA:20,0,1,0
BRF:2
BRH:0
end_of_record
TN:
SF:/home/damien/Dev/mongo/src/messages.const.ts
FNF:0
FNH:0
DA:1,1
LF:1
LH:1
BRF:0
BRH:0
end_of_record
TN:
SF:/home/damien/Dev/mongo/src/connection/index.ts
FN:24,(anonymous_0)
FN:31,(anonymous_1)
FN:65,(anonymous_2)
FN:75,(anonymous_3)
FN:86,(anonymous_4)
FN:95,(anonymous_5)
FN:107,createConnectionString
FN:118,generateCollectionName
FN:122,generateCollectionNameForStatic
FNF:9
FNH:3
FNDA:0,(anonymous_0)
FNDA:0,(anonymous_1)
FNDA:0,(anonymous_2)
FNDA:0,(anonymous_3)
FNDA:0,(anonymous_4)
FNDA:0,(anonymous_5)
FNDA:2,createConnectionString
FNDA:1,generateCollectionName
FNDA:1,generateCollectionNameForStatic
DA:1,1
DA:2,1
DA:3,1
DA:4,1
DA:14,1
DA:25,0
DA:26,0
DA:27,0
DA:28,0
DA:32,0
DA:33,0
DA:37,0
DA:40,0
DA:43,0
DA:44,0
DA:45,0
DA:48,0
DA:50,0
DA:51,0
DA:52,0
DA:55,0
DA:56,0
DA:62,0
DA:66,0
DA:67,0
DA:69,0
DA:70,0
DA:71,0
DA:72,0
DA:76,0
DA:77,0
DA:79,0
DA:81,0
DA:82,0
DA:91,0
DA:93,0
DA:96,0
DA:99,0
DA:107,1
DA:108,2
DA:110,2
DA:111,1
DA:114,2
DA:118,1
DA:119,1
DA:122,1
DA:123,1
LF:47
LH:14
BRDA:66,0,0,0
BRDA:66,0,1,0
BRDA:76,1,0,0
BRDA:76,1,1,0
BRDA:110,2,0,1
BRDA:110,2,1,1
BRDA:110,3,0,2
BRDA:110,3,1,1
BRDA:114,4,0,2
BRDA:114,4,1,1
BRDA:115,5,0,2
BRDA:115,5,1,1
BRDA:125,6,0,1
BRDA:125,6,1,0
BRDA:126,7,0,1
BRDA:126,7,1,0
BRF:16
BRH:10
end_of_record
